  main.cpp
d:\documents\github\sdes\sdes\functions.h(7): error C2143: syntax error: missing ';' before '<'
d:\documents\github\sdes\sdes\functions.h(7): error C4430: missing type specifier - int assumed. Note: C++ does not support default-int
d:\documents\github\sdes\sdes\functions.h(9): error C2143: syntax error: missing ';' before '<'
d:\documents\github\sdes\sdes\functions.h(9): error C4430: missing type specifier - int assumed. Note: C++ does not support default-int
d:\documents\github\sdes\sdes\functions.h(9): error C2086: 'int vector': redefinition
  d:\documents\github\sdes\sdes\functions.h(7): note: see declaration of 'vector'
d:\documents\github\sdes\sdes\functions.h(11): error C2143: syntax error: missing ';' before '<'
d:\documents\github\sdes\sdes\functions.h(11): error C4430: missing type specifier - int assumed. Note: C++ does not support default-int
d:\documents\github\sdes\sdes\functions.h(11): error C2086: 'int vector': redefinition
  d:\documents\github\sdes\sdes\functions.h(7): note: see declaration of 'vector'
d:\documents\github\sdes\sdes\functions.h(13): error C2143: syntax error: missing ';' before '<'
d:\documents\github\sdes\sdes\functions.h(13): error C4430: missing type specifier - int assumed. Note: C++ does not support default-int
d:\documents\github\sdes\sdes\functions.h(13): error C2086: 'int vector': redefinition
  d:\documents\github\sdes\sdes\functions.h(7): note: see declaration of 'vector'
d:\documents\github\sdes\sdes\functions.h(15): error C2143: syntax error: missing ';' before '<'
d:\documents\github\sdes\sdes\functions.h(15): error C4430: missing type specifier - int assumed. Note: C++ does not support default-int
d:\documents\github\sdes\sdes\functions.h(15): error C2086: 'int vector': redefinition
  d:\documents\github\sdes\sdes\functions.h(7): note: see declaration of 'vector'
d:\documents\github\sdes\sdes\functions.h(17): error C2143: syntax error: missing ';' before '<'
d:\documents\github\sdes\sdes\functions.h(17): error C4430: missing type specifier - int assumed. Note: C++ does not support default-int
d:\documents\github\sdes\sdes\functions.h(17): error C2086: 'int vector': redefinition
  d:\documents\github\sdes\sdes\functions.h(7): note: see declaration of 'vector'
d:\documents\github\sdes\sdes\functions.h(19): error C2143: syntax error: missing ';' before '<'
d:\documents\github\sdes\sdes\functions.h(19): error C4430: missing type specifier - int assumed. Note: C++ does not support default-int
d:\documents\github\sdes\sdes\functions.h(19): error C2086: 'int vector': redefinition
  d:\documents\github\sdes\sdes\functions.h(7): note: see declaration of 'vector'
d:\documents\github\sdes\sdes\functions.h(23): error C2143: syntax error: missing ';' before '<'
d:\documents\github\sdes\sdes\functions.h(23): error C4430: missing type specifier - int assumed. Note: C++ does not support default-int
d:\documents\github\sdes\sdes\functions.h(23): error C2086: 'int vector': redefinition
  d:\documents\github\sdes\sdes\functions.h(7): note: see declaration of 'vector'
d:\documents\github\sdes\sdes\main.cpp(16): error C2872: 'vector': ambiguous symbol
  d:\documents\github\sdes\sdes\functions.h(7): note: could be 'int vector'
  c:\program files (x86)\microsoft visual studio\2017\enterprise\vc\tools\msvc\14.12.25827\include\vector(658): note: or       'std::vector'
d:\documents\github\sdes\sdes\main.cpp(16): error C2062: type 'bool' unexpected
d:\documents\github\sdes\sdes\main.cpp(17): error C2872: 'vector': ambiguous symbol
  d:\documents\github\sdes\sdes\functions.h(7): note: could be 'int vector'
  c:\program files (x86)\microsoft visual studio\2017\enterprise\vc\tools\msvc\14.12.25827\include\vector(658): note: or       'std::vector'
d:\documents\github\sdes\sdes\main.cpp(17): error C2062: type 'bool' unexpected
d:\documents\github\sdes\sdes\main.cpp(18): error C2872: 'vector': ambiguous symbol
  d:\documents\github\sdes\sdes\functions.h(7): note: could be 'int vector'
  c:\program files (x86)\microsoft visual studio\2017\enterprise\vc\tools\msvc\14.12.25827\include\vector(658): note: or       'std::vector'
d:\documents\github\sdes\sdes\main.cpp(18): error C2062: type 'bool' unexpected
d:\documents\github\sdes\sdes\main.cpp(19): error C2872: 'vector': ambiguous symbol
  d:\documents\github\sdes\sdes\functions.h(7): note: could be 'int vector'
  c:\program files (x86)\microsoft visual studio\2017\enterprise\vc\tools\msvc\14.12.25827\include\vector(658): note: or       'std::vector'
d:\documents\github\sdes\sdes\main.cpp(19): error C2062: type 'bool' unexpected
d:\documents\github\sdes\sdes\main.cpp(20): error C2872: 'vector': ambiguous symbol
  d:\documents\github\sdes\sdes\functions.h(7): note: could be 'int vector'
  c:\program files (x86)\microsoft visual studio\2017\enterprise\vc\tools\msvc\14.12.25827\include\vector(658): note: or       'std::vector'
d:\documents\github\sdes\sdes\main.cpp(20): error C2062: type 'bool' unexpected
d:\documents\github\sdes\sdes\main.cpp(42): error C2065: 'input': undeclared identifier
d:\documents\github\sdes\sdes\main.cpp(42): error C3861: 'getInput': identifier not found
d:\documents\github\sdes\sdes\main.cpp(45): error C2065: 'key0': undeclared identifier
d:\documents\github\sdes\sdes\main.cpp(45): error C3861: 'getInput': identifier not found
d:\documents\github\sdes\sdes\main.cpp(46): error C2065: 'key1': undeclared identifier
d:\documents\github\sdes\sdes\main.cpp(46): error C2065: 'key0': undeclared identifier
d:\documents\github\sdes\sdes\main.cpp(46): error C3861: 'GenKey1': identifier not found
d:\documents\github\sdes\sdes\main.cpp(47): error C2065: 'key2': undeclared identifier
d:\documents\github\sdes\sdes\main.cpp(47): error C2065: 'key0': undeclared identifier
d:\documents\github\sdes\sdes\main.cpp(47): error C3861: 'GenKey2': identifier not found
d:\documents\github\sdes\sdes\main.cpp(49): error C2065: 'output': undeclared identifier
d:\documents\github\sdes\sdes\main.cpp(49): error C2065: 'input': undeclared identifier
d:\documents\github\sdes\sdes\main.cpp(49): error C3861: 'IPFunction': identifier not found
d:\documents\github\sdes\sdes\main.cpp(49): error C2065: 'key1': undeclared identifier
d:\documents\github\sdes\sdes\main.cpp(49): error C3861: 'FunctionFk': identifier not found
d:\documents\github\sdes\sdes\main.cpp(49): error C3861: 'Switch': identifier not found
d:\documents\github\sdes\sdes\main.cpp(49): error C2065: 'key2': undeclared identifier
d:\documents\github\sdes\sdes\main.cpp(49): error C3861: 'InverseIPFunction': identifier not found
d:\documents\github\sdes\sdes\main.cpp(53): error C2065: 'output': undeclared identifier
d:\documents\github\sdes\sdes\main.cpp(64): error C2065: 'input': undeclared identifier
d:\documents\github\sdes\sdes\main.cpp(64): error C3861: 'getInput': identifier not found
d:\documents\github\sdes\sdes\main.cpp(67): error C2065: 'key0': undeclared identifier
d:\documents\github\sdes\sdes\main.cpp(67): error C3861: 'getInput': identifier not found
d:\documents\github\sdes\sdes\main.cpp(68): error C2065: 'key1': undeclared identifier
d:\documents\github\sdes\sdes\main.cpp(68): error C2065: 'key0': undeclared identifier
d:\documents\github\sdes\sdes\main.cpp(68): error C3861: 'GenKey1': identifier not found
d:\documents\github\sdes\sdes\main.cpp(69): error C2065: 'key2': undeclared identifier
d:\documents\github\sdes\sdes\main.cpp(69): error C2065: 'key0': undeclared identifier
d:\documents\github\sdes\sdes\main.cpp(69): error C3861: 'GenKey2': identifier not found
d:\documents\github\sdes\sdes\main.cpp(71): error C2065: 'output': undeclared identifier
d:\documents\github\sdes\sdes\main.cpp(71): error C2065: 'input': undeclared identifier
d:\documents\github\sdes\sdes\main.cpp(71): error C3861: 'IPFunction': identifier not found
d:\documents\github\sdes\sdes\main.cpp(71): error C2065: 'key2': undeclared identifier
d:\documents\github\sdes\sdes\main.cpp(71): error C3861: 'FunctionFk': identifier not found
d:\documents\github\sdes\sdes\main.cpp(71): error C3861: 'Switch': identifier not found
d:\documents\github\sdes\sdes\main.cpp(71): error C2065: 'key1': undeclared identifier
d:\documents\github\sdes\sdes\main.cpp(71): error C3861: 'InverseIPFunction': identifier not found
d:\documents\github\sdes\sdes\main.cpp(75): error C2065: 'output': undeclared identifier
  functions.cpp
d:\documents\github\sdes\sdes\functions.h(7): error C2143: syntax error: missing ';' before '<'
d:\documents\github\sdes\sdes\functions.h(7): error C4430: missing type specifier - int assumed. Note: C++ does not support default-int
d:\documents\github\sdes\sdes\functions.h(9): error C2143: syntax error: missing ';' before '<'
d:\documents\github\sdes\sdes\functions.h(9): error C4430: missing type specifier - int assumed. Note: C++ does not support default-int
d:\documents\github\sdes\sdes\functions.h(9): error C2086: 'int vector': redefinition
  d:\documents\github\sdes\sdes\functions.h(7): note: see declaration of 'vector'
d:\documents\github\sdes\sdes\functions.h(11): error C2143: syntax error: missing ';' before '<'
d:\documents\github\sdes\sdes\functions.h(11): error C4430: missing type specifier - int assumed. Note: C++ does not support default-int
d:\documents\github\sdes\sdes\functions.h(11): error C2086: 'int vector': redefinition
  d:\documents\github\sdes\sdes\functions.h(7): note: see declaration of 'vector'
d:\documents\github\sdes\sdes\functions.h(13): error C2143: syntax error: missing ';' before '<'
d:\documents\github\sdes\sdes\functions.h(13): error C4430: missing type specifier - int assumed. Note: C++ does not support default-int
d:\documents\github\sdes\sdes\functions.h(13): error C2086: 'int vector': redefinition
  d:\documents\github\sdes\sdes\functions.h(7): note: see declaration of 'vector'
d:\documents\github\sdes\sdes\functions.h(15): error C2143: syntax error: missing ';' before '<'
d:\documents\github\sdes\sdes\functions.h(15): error C4430: missing type specifier - int assumed. Note: C++ does not support default-int
d:\documents\github\sdes\sdes\functions.h(15): error C2086: 'int vector': redefinition
  d:\documents\github\sdes\sdes\functions.h(7): note: see declaration of 'vector'
d:\documents\github\sdes\sdes\functions.h(17): error C2143: syntax error: missing ';' before '<'
d:\documents\github\sdes\sdes\functions.h(17): error C4430: missing type specifier - int assumed. Note: C++ does not support default-int
d:\documents\github\sdes\sdes\functions.h(17): error C2086: 'int vector': redefinition
  d:\documents\github\sdes\sdes\functions.h(7): note: see declaration of 'vector'
d:\documents\github\sdes\sdes\functions.h(19): error C2143: syntax error: missing ';' before '<'
d:\documents\github\sdes\sdes\functions.h(19): error C4430: missing type specifier - int assumed. Note: C++ does not support default-int
d:\documents\github\sdes\sdes\functions.h(19): error C2086: 'int vector': redefinition
  d:\documents\github\sdes\sdes\functions.h(7): note: see declaration of 'vector'
d:\documents\github\sdes\sdes\functions.h(23): error C2143: syntax error: missing ';' before '<'
d:\documents\github\sdes\sdes\functions.h(23): error C4430: missing type specifier - int assumed. Note: C++ does not support default-int
d:\documents\github\sdes\sdes\functions.h(23): error C2086: 'int vector': redefinition
  d:\documents\github\sdes\sdes\functions.h(7): note: see declaration of 'vector'
d:\documents\github\sdes\sdes\functions.cpp(18): error C2872: 'vector': ambiguous symbol
  d:\documents\github\sdes\sdes\functions.h(7): note: could be 'int vector'
  c:\program files (x86)\microsoft visual studio\2017\enterprise\vc\tools\msvc\14.12.25827\include\vector(658): note: or       'std::vector'
d:\documents\github\sdes\sdes\functions.cpp(18): error C2143: syntax error: missing ';' before '<'
d:\documents\github\sdes\sdes\functions.cpp(18): error C4430: missing type specifier - int assumed. Note: C++ does not support default-int
d:\documents\github\sdes\sdes\functions.cpp(18): error C2086: 'int vector': redefinition
  d:\documents\github\sdes\sdes\functions.h(7): note: see declaration of 'vector'
d:\documents\github\sdes\sdes\functions.cpp(19): error C2143: syntax error: missing ';' before '{'
d:\documents\github\sdes\sdes\functions.cpp(19): error C2447: '{': missing function header (old-style formal list?)
d:\documents\github\sdes\sdes\functions.cpp(39): error C2872: 'vector': ambiguous symbol
  d:\documents\github\sdes\sdes\functions.h(7): note: could be 'int vector'
  c:\program files (x86)\microsoft visual studio\2017\enterprise\vc\tools\msvc\14.12.25827\include\vector(658): note: or       'std::vector'
d:\documents\github\sdes\sdes\functions.cpp(39): error C2143: syntax error: missing ';' before '<'
d:\documents\github\sdes\sdes\functions.cpp(39): error C4430: missing type specifier - int assumed. Note: C++ does not support default-int
d:\documents\github\sdes\sdes\functions.cpp(39): error C2086: 'int vector': redefinition
  d:\documents\github\sdes\sdes\functions.h(7): note: see declaration of 'vector'
d:\documents\github\sdes\sdes\functions.cpp(40): error C2143: syntax error: missing ';' before '{'
d:\documents\github\sdes\sdes\functions.cpp(40): error C2447: '{': missing function header (old-style formal list?)
d:\documents\github\sdes\sdes\functions.cpp(55): error C2872: 'vector': ambiguous symbol
  d:\documents\github\sdes\sdes\functions.h(7): note: could be 'int vector'
  c:\program files (x86)\microsoft visual studio\2017\enterprise\vc\tools\msvc\14.12.25827\include\vector(658): note: or       'std::vector'
d:\documents\github\sdes\sdes\functions.cpp(55): error C2143: syntax error: missing ';' before '<'
d:\documents\github\sdes\sdes\functions.cpp(55): error C4430: missing type specifier - int assumed. Note: C++ does not support default-int
d:\documents\github\sdes\sdes\functions.cpp(55): error C2086: 'int vector': redefinition
  d:\documents\github\sdes\sdes\functions.h(7): note: see declaration of 'vector'
d:\documents\github\sdes\sdes\functions.cpp(56): error C2143: syntax error: missing ';' before '{'
d:\documents\github\sdes\sdes\functions.cpp(56): error C2447: '{': missing function header (old-style formal list?)
d:\documents\github\sdes\sdes\functions.cpp(71): error C2872: 'vector': ambiguous symbol
  d:\documents\github\sdes\sdes\functions.h(7): note: could be 'int vector'
  c:\program files (x86)\microsoft visual studio\2017\enterprise\vc\tools\msvc\14.12.25827\include\vector(658): note: or       'std::vector'
d:\documents\github\sdes\sdes\functions.cpp(71): error C2143: syntax error: missing ';' before '<'
d:\documents\github\sdes\sdes\functions.cpp(71): error C4430: missing type specifier - int assumed. Note: C++ does not support default-int
d:\documents\github\sdes\sdes\functions.cpp(71): error C2086: 'int vector': redefinition
  d:\documents\github\sdes\sdes\functions.h(7): note: see declaration of 'vector'
d:\documents\github\sdes\sdes\functions.cpp(72): error C2143: syntax error: missing ';' before '{'
d:\documents\github\sdes\sdes\functions.cpp(72): error C2447: '{': missing function header (old-style formal list?)
d:\documents\github\sdes\sdes\functions.cpp(109): error C2872: 'vector': ambiguous symbol
  d:\documents\github\sdes\sdes\functions.h(7): note: could be 'int vector'
  c:\program files (x86)\microsoft visual studio\2017\enterprise\vc\tools\msvc\14.12.25827\include\vector(658): note: or       'std::vector'
d:\documents\github\sdes\sdes\functions.cpp(109): error C2143: syntax error: missing ';' before '<'
d:\documents\github\sdes\sdes\functions.cpp(109): error C4430: missing type specifier - int assumed. Note: C++ does not support default-int
d:\documents\github\sdes\sdes\functions.cpp(109): error C2086: 'int vector': redefinition
  d:\documents\github\sdes\sdes\functions.h(7): note: see declaration of 'vector'
d:\documents\github\sdes\sdes\functions.cpp(110): error C2143: syntax error: missing ';' before '{'
d:\documents\github\sdes\sdes\functions.cpp(110): error C2447: '{': missing function header (old-style formal list?)
d:\documents\github\sdes\sdes\functions.cpp(125): error C2872: 'vector': ambiguous symbol
  d:\documents\github\sdes\sdes\functions.h(7): note: could be 'int vector'
  c:\program files (x86)\microsoft visual studio\2017\enterprise\vc\tools\msvc\14.12.25827\include\vector(658): note: or       'std::vector'
d:\documents\github\sdes\sdes\functions.cpp(125): error C2143: syntax error: missing ';' before '<'
d:\documents\github\sdes\sdes\functions.cpp(125): error C4430: missing type specifier - int assumed. Note: C++ does not support default-int
d:\documents\github\sdes\sdes\functions.cpp(125): error C2086: 'int vector': redefinition
  d:\documents\github\sdes\sdes\functions.h(7): note: see declaration of 'vector'
d:\documents\github\sdes\sdes\functions.cpp(126): error C2143: syntax error: missing ';' before '{'
d:\documents\github\sdes\sdes\functions.cpp(126): error C2447: '{': missing function header (old-style formal list?)
d:\documents\github\sdes\sdes\functions.cpp(141): error C2872: 'vector': ambiguous symbol
  d:\documents\github\sdes\sdes\functions.h(7): note: could be 'int vector'
  c:\program files (x86)\microsoft visual studio\2017\enterprise\vc\tools\msvc\14.12.25827\include\vector(658): note: or       'std::vector'
d:\documents\github\sdes\sdes\functions.cpp(141): error C2143: syntax error: missing ';' before '<'
d:\documents\github\sdes\sdes\functions.cpp(141): error C4430: missing type specifier - int assumed. Note: C++ does not support default-int
d:\documents\github\sdes\sdes\functions.cpp(141): error C2086: 'int vector': redefinition
  d:\documents\github\sdes\sdes\functions.h(7): note: see declaration of 'vector'
d:\documents\github\sdes\sdes\functions.cpp(142): error C2143: syntax error: missing ';' before '{'
d:\documents\github\sdes\sdes\functions.cpp(142): error C2447: '{': missing function header (old-style formal list?)
d:\documents\github\sdes\sdes\functions.cpp(166): error C2872: 'vector': ambiguous symbol
  d:\documents\github\sdes\sdes\functions.h(7): note: could be 'int vector'
  c:\program files (x86)\microsoft visual studio\2017\enterprise\vc\tools\msvc\14.12.25827\include\vector(658): note: or       'std::vector'
d:\documents\github\sdes\sdes\functions.cpp(166): error C2143: syntax error: missing ';' before '<'
d:\documents\github\sdes\sdes\functions.cpp(166): error C4430: missing type specifier - int assumed. Note: C++ does not support default-int
d:\documents\github\sdes\sdes\functions.cpp(166): error C2086: 'int vector': redefinition
  d:\documents\github\sdes\sdes\functions.h(7): note: see declaration of 'vector'
d:\documents\github\sdes\sdes\functions.cpp(167): error C2143: syntax error: missing ';' before '{'
d:\documents\github\sdes\sdes\functions.cpp(167): error C2447: '{': missing function header (old-style formal list?)
  Generating Code...
